<?xml version="1.0" encoding="UTF-8"?>
<testsuite xmlns:xsi="http://www.w3.org/2001/XMLSchema-instance" xsi:noNamespaceSchemaLocation="https://maven.apache.org/surefire/maven-surefire-plugin/xsd/surefire-test-report-3.0.xsd" version="3.0" name="FactorialTest" time="0.049" tests="6" errors="0" skipped="0" failures="0">
  <properties>
[...]
</properties>
  <testcase name="factorialOfZeroIsOne" classname="FactorialTest" time="0.023"/>
  <testcase name="factorialOfTwoisTwo" classname="FactorialTest" time="0.001"/>
  <testcase name="factorialOfOneIsOne" classname="FactorialTest" time="0"/>
  <testcase name="factorialOfMinusIs" classname="FactorialTest" time="0.004"/>
  <testcase name="factorialOfThreeIsThree" classname="FactorialTest" time="0"/>
  <testcase name="factorialOfFiveIsFive" classname="FactorialTest" time="0"/>
</testsuite>